<?xml version="1.0" encoding="UTF-8"?>
<!-- Generated by org.testng.reporters.JUnitXMLReporter -->
<testsuite ignored="17" hostname="user-PC1" failures="3" tests="272" name="tested" time="272.099" errors="0" timestamp="14 Aug 2019 10:21:19 GMT">
  <testcase classname="com.tranquil.testcases.CreditNoteSave" name="@AfterMethod teardown" time="2.026">
    <failure type="org.openqa.selenium.WebDriverException" message="chrome not reachable
  (Session info: chrome=76.0.3809.100)
Build info: version: &amp;apos;3.8.0&amp;apos;, revision: &amp;apos;924c4067df&amp;apos;, time: &amp;apos;2017-11-30T11:37:19.049Z&amp;apos;
System info: host: &amp;apos;USER-PC1&amp;apos;, ip: &amp;apos;192.168.1.20&amp;apos;, os.name: &amp;apos;Windows 7&amp;apos;, os.arch: &amp;apos;amd64&amp;apos;, os.version: &amp;apos;6.1&amp;apos;, java.version: &amp;apos;10.0.2&amp;apos;
Driver info: org.openqa.selenium.chrome.ChromeDriver
Capabilities {acceptInsecureCerts: false, browserName: chrome, browserVersion: 76.0.3809.100, chrome: {chromedriverVersion: 76.0.3809.68 (420c9498db8ce..., userDataDir: C:\Users\jyothi\AppData\Loc...}, goog:chromeOptions: {debuggerAddress: localhost:62261}, javascriptEnabled: true, networkConnectionEnabled: false, pageLoadStrategy: normal, platform: XP, platformName: XP, proxy: Proxy(), setWindowRect: true, strictFileInteractability: false, timeouts: {implicit: 0, pageLoad: 300000, script: 30000}, unhandledPromptBehavior: dismiss and notify}
Session ID: 8efe2ed3824be645e090a0c23af3b131">
      <![CDATA[org.openqa.selenium.WebDriverException: chrome not reachable
  (Session info: chrome=76.0.3809.100)
Build info: version: '3.8.0', revision: '924c4067df', time: '2017-11-30T11:37:19.049Z'
System info: host: 'USER-PC1', ip: '192.168.1.20', os.name: 'Windows 7', os.arch: 'amd64', os.version: '6.1', java.version: '10.0.2'
Driver info: org.openqa.selenium.chrome.ChromeDriver
Capabilities {acceptInsecureCerts: false, browserName: chrome, browserVersion: 76.0.3809.100, chrome: {chromedriverVersion: 76.0.3809.68 (420c9498db8ce..., userDataDir: C:\Users\jyothi\AppData\Loc...}, goog:chromeOptions: {debuggerAddress: localhost:62261}, javascriptEnabled: true, networkConnectionEnabled: false, pageLoadStrategy: normal, platform: XP, platformName: XP, proxy: Proxy(), setWindowRect: true, strictFileInteractability: false, timeouts: {implicit: 0, pageLoad: 300000, script: 30000}, unhandledPromptBehavior: dismiss and notify}
Session ID: 8efe2ed3824be645e090a0c23af3b131
at org.openqa.selenium.remote.http.W3CHttpResponseCodec.createException(W3CHttpResponseCodec.java:187)
at org.openqa.selenium.remote.http.W3CHttpResponseCodec.decode(W3CHttpResponseCodec.java:122)
at org.openqa.selenium.remote.http.W3CHttpResponseCodec.decode(W3CHttpResponseCodec.java:49)
at org.openqa.selenium.remote.HttpCommandExecutor.execute(HttpCommandExecutor.java:164)
at org.openqa.selenium.remote.service.DriverCommandExecutor.execute(DriverCommandExecutor.java:83)
at org.openqa.selenium.remote.RemoteWebDriver.execute(RemoteWebDriver.java:601)
at org.openqa.selenium.remote.RemoteWebDriver.execute(RemoteWebDriver.java:658)
at org.openqa.selenium.remote.RemoteWebDriver.close(RemoteWebDriver.java:487)
at com.tranquil.testcases.CreditNoteSave.teardown(CreditNoteSave.java:74)
... Removed 32 stack frames]]>
    </failure>
  </testcase> <!-- @AfterMethod teardown -->
  <testcase classname="com.tranquil.testcases.DebitNoteSave" name="@AfterMethod teardown" time="0.001">
    <failure type="java.lang.NullPointerException">
      <![CDATA[java.lang.NullPointerException
at com.tranquil.testcases.DebitNoteSave.teardown(DebitNoteSave.java:73)
... Removed 28 stack frames]]>
    </failure>
  </testcase> <!-- @AfterMethod teardown -->
  <testcase classname="com.tranquil.testcases.ItemSave" name="@BeforeClass Invokeitem" time="14.608">
    <failure type="org.openqa.selenium.WebDriverException" message="chrome not reachable
  (Session info: chrome=76.0.3809.100)
Build info: version: &amp;apos;3.8.0&amp;apos;, revision: &amp;apos;924c4067df&amp;apos;, time: &amp;apos;2017-11-30T11:37:19.049Z&amp;apos;
System info: host: &amp;apos;USER-PC1&amp;apos;, ip: &amp;apos;192.168.1.20&amp;apos;, os.name: &amp;apos;Windows 7&amp;apos;, os.arch: &amp;apos;amd64&amp;apos;, os.version: &amp;apos;6.1&amp;apos;, java.version: &amp;apos;10.0.2&amp;apos;
Driver info: org.openqa.selenium.chrome.ChromeDriver
Capabilities {acceptInsecureCerts: false, browserName: chrome, browserVersion: 76.0.3809.100, chrome: {chromedriverVersion: 76.0.3809.68 (420c9498db8ce..., userDataDir: C:\Users\jyothi\AppData\Loc...}, goog:chromeOptions: {debuggerAddress: localhost:62380}, javascriptEnabled: true, networkConnectionEnabled: false, pageLoadStrategy: normal, platform: XP, platformName: XP, proxy: Proxy(), setWindowRect: true, strictFileInteractability: false, timeouts: {implicit: 0, pageLoad: 300000, script: 30000}, unhandledPromptBehavior: dismiss and notify}
Session ID: 5b02ae283952e94d5991dfbb4cdd5392">
      <![CDATA[org.openqa.selenium.WebDriverException: chrome not reachable
  (Session info: chrome=76.0.3809.100)
Build info: version: '3.8.0', revision: '924c4067df', time: '2017-11-30T11:37:19.049Z'
System info: host: 'USER-PC1', ip: '192.168.1.20', os.name: 'Windows 7', os.arch: 'amd64', os.version: '6.1', java.version: '10.0.2'
Driver info: org.openqa.selenium.chrome.ChromeDriver
Capabilities {acceptInsecureCerts: false, browserName: chrome, browserVersion: 76.0.3809.100, chrome: {chromedriverVersion: 76.0.3809.68 (420c9498db8ce..., userDataDir: C:\Users\jyothi\AppData\Loc...}, goog:chromeOptions: {debuggerAddress: localhost:62380}, javascriptEnabled: true, networkConnectionEnabled: false, pageLoadStrategy: normal, platform: XP, platformName: XP, proxy: Proxy(), setWindowRect: true, strictFileInteractability: false, timeouts: {implicit: 0, pageLoad: 300000, script: 30000}, unhandledPromptBehavior: dismiss and notify}
Session ID: 5b02ae283952e94d5991dfbb4cdd5392
at org.openqa.selenium.remote.http.W3CHttpResponseCodec.createException(W3CHttpResponseCodec.java:187)
at org.openqa.selenium.remote.http.W3CHttpResponseCodec.decode(W3CHttpResponseCodec.java:122)
at org.openqa.selenium.remote.http.W3CHttpResponseCodec.decode(W3CHttpResponseCodec.java:49)
at org.openqa.selenium.remote.HttpCommandExecutor.execute(HttpCommandExecutor.java:164)
at org.openqa.selenium.remote.service.DriverCommandExecutor.execute(DriverCommandExecutor.java:83)
at org.openqa.selenium.remote.RemoteWebDriver.execute(RemoteWebDriver.java:601)
at org.openqa.selenium.remote.RemoteWebDriver.get(RemoteWebDriver.java:325)
at Helper.BrowserFactory.StartBrowser(BrowserFactory.java:25)
at com.tranquil.testcases.ItemSave.Invokeitem(ItemSave.java:94)
... Removed 30 stack frames]]>
    </failure>
  </testcase> <!-- @BeforeClass Invokeitem -->
  <testcase classname="com.tranquil.testcases.PuchaseRequestSave" name="@AfterMethod teardown" time="0.001">
    <failure type="java.lang.NullPointerException">
      <![CDATA[java.lang.NullPointerException
at com.tranquil.testcases.PuchaseRequestSave.teardown(PuchaseRequestSave.java:108)
... Removed 28 stack frames]]>
    </failure>
  </testcase> <!-- @AfterMethod teardown -->
  <testcase classname="com.tranquil.testcases.SalesReports" name="@BeforeClass inventory" time="7.465">
    <failure type="org.openqa.selenium.SessionNotCreatedException" message="session not created
from chrome not reachable
  (Session info: chrome=76.0.3809.100)
Build info: version: &amp;apos;3.8.0&amp;apos;, revision: &amp;apos;924c4067df&amp;apos;, time: &amp;apos;2017-11-30T11:37:19.049Z&amp;apos;
System info: host: &amp;apos;USER-PC1&amp;apos;, ip: &amp;apos;192.168.1.20&amp;apos;, os.name: &amp;apos;Windows 7&amp;apos;, os.arch: &amp;apos;amd64&amp;apos;, os.version: &amp;apos;6.1&amp;apos;, java.version: &amp;apos;10.0.2&amp;apos;
Driver info: driver.version: ChromeDriver
remote stacktrace: Backtrace:
	Ordinal0 [0x001C7C93+1473683]
	Ordinal0 [0x0014ADB1+961969]
	Ordinal0 [0x000D418C+475532]
	Ordinal0 [0x000CDB1A+449306]
	Ordinal0 [0x000CE1B8+451000]
	Ordinal0 [0x000CF2C5+455365]
	Ordinal0 [0x000CB4C5+439493]
	Ordinal0 [0x000D4F40+479040]
	Ordinal0 [0x000898FE+170238]
	Ordinal0 [0x00088D1D+167197]
	Ordinal0 [0x0008742B+160811]
	Ordinal0 [0x00070AE6+68326]
	Ordinal0 [0x00071BF0+72688]
	Ordinal0 [0x00071B89+72585]
	Ordinal0 [0x00164B77+1067895]
	GetHandleVerifier [0x00266875+506677]
	GetHandleVerifier [0x00266610+506064]
	GetHandleVerifier [0x0026D1B8+533624]
	GetHandleVerifier [0x0026704A+508682]
	Ordinal0 [0x0015C266+1032806]
	Ordinal0 [0x0015C0DF+1032415]
	Ordinal0 [0x00166A8B+1075851]
	Ordinal0 [0x00166BF3+1076211]
	Ordinal0 [0x00165BA5+1072037]
	BaseThreadInitThunk [0x749F33AA+18]
	RtlInitializeExceptionChain [0x77019F72+99]
	RtlInitializeExceptionChain [0x77019F45+54]
">
      <![CDATA[org.openqa.selenium.SessionNotCreatedException: session not created
from chrome not reachable
  (Session info: chrome=76.0.3809.100)
Build info: version: '3.8.0', revision: '924c4067df', time: '2017-11-30T11:37:19.049Z'
System info: host: 'USER-PC1', ip: '192.168.1.20', os.name: 'Windows 7', os.arch: 'amd64', os.version: '6.1', java.version: '10.0.2'
Driver info: driver.version: ChromeDriver
remote stacktrace: Backtrace:
Ordinal0 [0x001C7C93+1473683]
Ordinal0 [0x0014ADB1+961969]
Ordinal0 [0x000D418C+475532]
Ordinal0 [0x000CDB1A+449306]
Ordinal0 [0x000CE1B8+451000]
Ordinal0 [0x000CF2C5+455365]
Ordinal0 [0x000CB4C5+439493]
Ordinal0 [0x000D4F40+479040]
Ordinal0 [0x000898FE+170238]
Ordinal0 [0x00088D1D+167197]
Ordinal0 [0x0008742B+160811]
Ordinal0 [0x00070AE6+68326]
Ordinal0 [0x00071BF0+72688]
Ordinal0 [0x00071B89+72585]
Ordinal0 [0x00164B77+1067895]
GetHandleVerifier [0x00266875+506677]
GetHandleVerifier [0x00266610+506064]
GetHandleVerifier [0x0026D1B8+533624]
GetHandleVerifier [0x0026704A+508682]
Ordinal0 [0x0015C266+1032806]
Ordinal0 [0x0015C0DF+1032415]
Ordinal0 [0x00166A8B+1075851]
Ordinal0 [0x00166BF3+1076211]
Ordinal0 [0x00165BA5+1072037]
BaseThreadInitThunk [0x749F33AA+18]
RtlInitializeExceptionChain [0x77019F72+99]
RtlInitializeExceptionChain [0x77019F45+54]

at org.openqa.selenium.remote.W3CHandshakeResponse.lambda$new$0(W3CHandshakeResponse.java:57)
at org.openqa.selenium.remote.W3CHandshakeResponse.lambda$getResponseFunction$2(W3CHandshakeResponse.java:104)
at org.openqa.selenium.remote.ProtocolHandshake.lambda$createSession$0(ProtocolHandshake.java:123)
at java.base/java.util.stream.ReferencePipeline$3$1.accept(Unknown Source)
at java.base/java.util.Spliterators$ArraySpliterator.tryAdvance(Unknown Source)
at java.base/java.util.stream.ReferencePipeline.forEachWithCancel(Unknown Source)
at java.base/java.util.stream.AbstractPipeline.copyIntoWithCancel(Unknown Source)
at java.base/java.util.stream.AbstractPipeline.copyInto(Unknown Source)
at java.base/java.util.stream.AbstractPipeline.wrapAndCopyInto(Unknown Source)
at java.base/java.util.stream.FindOps$FindOp.evaluateSequential(Unknown Source)
at java.base/java.util.stream.AbstractPipeline.evaluate(Unknown Source)
at java.base/java.util.stream.ReferencePipeline.findFirst(Unknown Source)
at org.openqa.selenium.remote.ProtocolHandshake.createSession(ProtocolHandshake.java:126)
at org.openqa.selenium.remote.ProtocolHandshake.createSession(ProtocolHandshake.java:73)
at org.openqa.selenium.remote.HttpCommandExecutor.execute(HttpCommandExecutor.java:142)
at org.openqa.selenium.remote.service.DriverCommandExecutor.execute(DriverCommandExecutor.java:83)
at org.openqa.selenium.remote.RemoteWebDriver.execute(RemoteWebDriver.java:601)
at org.openqa.selenium.remote.RemoteWebDriver.startSession(RemoteWebDriver.java:219)
at org.openqa.selenium.remote.RemoteWebDriver.<init>(RemoteWebDriver.java:142)
at org.openqa.selenium.chrome.ChromeDriver.<init>(ChromeDriver.java:181)
at org.openqa.selenium.chrome.ChromeDriver.<init>(ChromeDriver.java:168)
at org.openqa.selenium.chrome.ChromeDriver.<init>(ChromeDriver.java:123)
at Helper.BrowserFactory.StartBrowser(BrowserFactory.java:19)
at com.tranquil.testcases.SalesReports.inventory(SalesReports.java:28)
... Removed 30 stack frames]]>
    </failure>
  </testcase> <!-- @BeforeClass inventory -->
  <testcase classname="com.tranquil.testcases.SalesReports" name="@BeforeMethod click_menu" time="0.0">
    <skipped/>
  </testcase> <!-- @BeforeMethod click_menu -->
  <testcase classname="com.tranquil.testcases.SalesReports" name="@BeforeMethod click_menuback" time="0.0">
    <skipped/>
  </testcase> <!-- @BeforeMethod click_menuback -->
  <testcase classname="com.tranquil.testcases.SalesReports" name="@AfterMethod takescreenshot" time="0.0">
    <skipped/>
  </testcase> <!-- @AfterMethod takescreenshot -->
  <testcase classname="com.tranquil.testcases.ReceiptSave" name="@AfterMethod teardown" time="0.001">
    <failure type="java.lang.NullPointerException">
      <![CDATA[java.lang.NullPointerException
at com.tranquil.testcases.ReceiptSave.teardown(ReceiptSave.java:80)
... Removed 28 stack frames]]>
    </failure>
  </testcase> <!-- @AfterMethod teardown -->
  <testcase classname="com.tranquil.testcases.PurchaseReports" name="@BeforeClass inventory" time="19.133">
    <failure type="java.lang.NullPointerException">
      <![CDATA[java.lang.NullPointerException
at org.openqa.selenium.support.pagefactory.internal.LocatingElementHandler.invoke(LocatingElementHandler.java:51)
at com.sun.proxy.$Proxy14.click(Unknown Source)
at com.tranquil.pages.Overview.clickMenu(Overview.java:17)
at com.tranquil.testcases.PurchaseReports.inventory(PurchaseReports.java:35)
... Removed 27 stack frames]]>
    </failure>
  </testcase> <!-- @BeforeClass inventory -->
  <testcase classname="com.tranquil.testcases.PurchaseReports" name="@BeforeMethod click_menu" time="0.0">
    <skipped/>
  </testcase> <!-- @BeforeMethod click_menu -->
  <testcase classname="com.tranquil.testcases.PurchaseReports" name="@AfterMethod takescreenshot" time="0.0">
    <skipped/>
  </testcase> <!-- @AfterMethod takescreenshot -->
  <testcase classname="com.tranquil.testcases.RFQSave" name="@AfterMethod teardown" time="2.009">
    <failure type="org.openqa.selenium.WebDriverException" message="chrome not reachable
  (Session info: chrome=76.0.3809.100)
Build info: version: &amp;apos;3.8.0&amp;apos;, revision: &amp;apos;924c4067df&amp;apos;, time: &amp;apos;2017-11-30T11:37:19.049Z&amp;apos;
System info: host: &amp;apos;USER-PC1&amp;apos;, ip: &amp;apos;192.168.1.20&amp;apos;, os.name: &amp;apos;Windows 7&amp;apos;, os.arch: &amp;apos;amd64&amp;apos;, os.version: &amp;apos;6.1&amp;apos;, java.version: &amp;apos;10.0.2&amp;apos;
Driver info: org.openqa.selenium.chrome.ChromeDriver
Capabilities {acceptInsecureCerts: false, browserName: chrome, browserVersion: 76.0.3809.100, chrome: {chromedriverVersion: 76.0.3809.68 (420c9498db8ce..., userDataDir: C:\Users\jyothi\AppData\Loc...}, goog:chromeOptions: {debuggerAddress: localhost:62687}, javascriptEnabled: true, networkConnectionEnabled: false, pageLoadStrategy: normal, platform: XP, platformName: XP, proxy: Proxy(), setWindowRect: true, strictFileInteractability: false, timeouts: {implicit: 0, pageLoad: 300000, script: 30000}, unhandledPromptBehavior: dismiss and notify}
Session ID: a49c50c78b6079de6eb56bd7b08780fd">
      <![CDATA[org.openqa.selenium.WebDriverException: chrome not reachable
  (Session info: chrome=76.0.3809.100)
Build info: version: '3.8.0', revision: '924c4067df', time: '2017-11-30T11:37:19.049Z'
System info: host: 'USER-PC1', ip: '192.168.1.20', os.name: 'Windows 7', os.arch: 'amd64', os.version: '6.1', java.version: '10.0.2'
Driver info: org.openqa.selenium.chrome.ChromeDriver
Capabilities {acceptInsecureCerts: false, browserName: chrome, browserVersion: 76.0.3809.100, chrome: {chromedriverVersion: 76.0.3809.68 (420c9498db8ce..., userDataDir: C:\Users\jyothi\AppData\Loc...}, goog:chromeOptions: {debuggerAddress: localhost:62687}, javascriptEnabled: true, networkConnectionEnabled: false, pageLoadStrategy: normal, platform: XP, platformName: XP, proxy: Proxy(), setWindowRect: true, strictFileInteractability: false, timeouts: {implicit: 0, pageLoad: 300000, script: 30000}, unhandledPromptBehavior: dismiss and notify}
Session ID: a49c50c78b6079de6eb56bd7b08780fd
at org.openqa.selenium.remote.http.W3CHttpResponseCodec.createException(W3CHttpResponseCodec.java:187)
at org.openqa.selenium.remote.http.W3CHttpResponseCodec.decode(W3CHttpResponseCodec.java:122)
at org.openqa.selenium.remote.http.W3CHttpResponseCodec.decode(W3CHttpResponseCodec.java:49)
at org.openqa.selenium.remote.HttpCommandExecutor.execute(HttpCommandExecutor.java:164)
at org.openqa.selenium.remote.service.DriverCommandExecutor.execute(DriverCommandExecutor.java:83)
at org.openqa.selenium.remote.RemoteWebDriver.execute(RemoteWebDriver.java:601)
at org.openqa.selenium.remote.RemoteWebDriver.execute(RemoteWebDriver.java:658)
at org.openqa.selenium.remote.RemoteWebDriver.close(RemoteWebDriver.java:487)
at com.tranquil.testcases.RFQSave.teardown(RFQSave.java:86)
... Removed 32 stack frames]]>
    </failure>
  </testcase> <!-- @AfterMethod teardown -->
  <testcase classname="com.tranquil.testcases.AccountsFinanceReports" name="@BeforeClass inventory" time="18.607">
    <failure type="org.openqa.selenium.WebDriverException" message="chrome not reachable
  (Session info: chrome=76.0.3809.100)
Build info: version: &amp;apos;3.8.0&amp;apos;, revision: &amp;apos;924c4067df&amp;apos;, time: &amp;apos;2017-11-30T11:37:19.049Z&amp;apos;
System info: host: &amp;apos;USER-PC1&amp;apos;, ip: &amp;apos;192.168.1.20&amp;apos;, os.name: &amp;apos;Windows 7&amp;apos;, os.arch: &amp;apos;amd64&amp;apos;, os.version: &amp;apos;6.1&amp;apos;, java.version: &amp;apos;10.0.2&amp;apos;
Driver info: org.openqa.selenium.chrome.ChromeDriver
Capabilities {acceptInsecureCerts: false, browserName: chrome, browserVersion: 76.0.3809.100, chrome: {chromedriverVersion: 76.0.3809.68 (420c9498db8ce..., userDataDir: C:\Users\jyothi\AppData\Loc...}, goog:chromeOptions: {debuggerAddress: localhost:62819}, javascriptEnabled: true, networkConnectionEnabled: false, pageLoadStrategy: normal, platform: XP, platformName: XP, proxy: Proxy(), setWindowRect: true, strictFileInteractability: false, timeouts: {implicit: 0, pageLoad: 300000, script: 30000}, unhandledPromptBehavior: dismiss and notify}
Session ID: 4d053c287bf538669667846220a1f3ac">
      <![CDATA[org.openqa.selenium.WebDriverException: chrome not reachable
  (Session info: chrome=76.0.3809.100)
Build info: version: '3.8.0', revision: '924c4067df', time: '2017-11-30T11:37:19.049Z'
System info: host: 'USER-PC1', ip: '192.168.1.20', os.name: 'Windows 7', os.arch: 'amd64', os.version: '6.1', java.version: '10.0.2'
Driver info: org.openqa.selenium.chrome.ChromeDriver
Capabilities {acceptInsecureCerts: false, browserName: chrome, browserVersion: 76.0.3809.100, chrome: {chromedriverVersion: 76.0.3809.68 (420c9498db8ce..., userDataDir: C:\Users\jyothi\AppData\Loc...}, goog:chromeOptions: {debuggerAddress: localhost:62819}, javascriptEnabled: true, networkConnectionEnabled: false, pageLoadStrategy: normal, platform: XP, platformName: XP, proxy: Proxy(), setWindowRect: true, strictFileInteractability: false, timeouts: {implicit: 0, pageLoad: 300000, script: 30000}, unhandledPromptBehavior: dismiss and notify}
Session ID: 4d053c287bf538669667846220a1f3ac
at org.openqa.selenium.remote.http.W3CHttpResponseCodec.createException(W3CHttpResponseCodec.java:187)
at org.openqa.selenium.remote.http.W3CHttpResponseCodec.decode(W3CHttpResponseCodec.java:122)
at org.openqa.selenium.remote.http.W3CHttpResponseCodec.decode(W3CHttpResponseCodec.java:49)
at org.openqa.selenium.remote.HttpCommandExecutor.execute(HttpCommandExecutor.java:164)
at org.openqa.selenium.remote.service.DriverCommandExecutor.execute(DriverCommandExecutor.java:83)
at org.openqa.selenium.remote.RemoteWebDriver.execute(RemoteWebDriver.java:601)
at org.openqa.selenium.remote.RemoteWebDriver.get(RemoteWebDriver.java:325)
at Helper.BrowserFactory.StartBrowser(BrowserFactory.java:25)
at com.tranquil.testcases.AccountsFinanceReports.inventory(AccountsFinanceReports.java:26)
... Removed 30 stack frames]]>
    </failure>
  </testcase> <!-- @BeforeClass inventory -->
  <testcase classname="com.tranquil.testcases.AccountsFinanceReports" name="@BeforeMethod click_menu" time="0.0">
    <skipped/>
  </testcase> <!-- @BeforeMethod click_menu -->
  <testcase classname="com.tranquil.testcases.InventoryReport" name="@BeforeMethod click_menu" time="7.099">
    <failure type="org.openqa.selenium.WebDriverException" message="chrome not reachable
  (Session info: chrome=76.0.3809.100)
Build info: version: &amp;apos;3.8.0&amp;apos;, revision: &amp;apos;924c4067df&amp;apos;, time: &amp;apos;2017-11-30T11:37:19.049Z&amp;apos;
System info: host: &amp;apos;USER-PC1&amp;apos;, ip: &amp;apos;192.168.1.20&amp;apos;, os.name: &amp;apos;Windows 7&amp;apos;, os.arch: &amp;apos;amd64&amp;apos;, os.version: &amp;apos;6.1&amp;apos;, java.version: &amp;apos;10.0.2&amp;apos;
Driver info: org.openqa.selenium.chrome.ChromeDriver
Capabilities {acceptInsecureCerts: false, browserName: chrome, browserVersion: 76.0.3809.100, chrome: {chromedriverVersion: 76.0.3809.68 (420c9498db8ce..., userDataDir: C:\Users\jyothi\AppData\Loc...}, goog:chromeOptions: {debuggerAddress: localhost:62860}, javascriptEnabled: true, networkConnectionEnabled: false, pageLoadStrategy: normal, platform: XP, platformName: XP, proxy: Proxy(), setWindowRect: true, strictFileInteractability: false, timeouts: {implicit: 0, pageLoad: 300000, script: 30000}, unhandledPromptBehavior: dismiss and notify}
Session ID: ba679541f62d3be1d2a928e48237d6d6
*** Element info: {Using=link text, value=Inventory}">
      <![CDATA[org.openqa.selenium.WebDriverException: chrome not reachable
  (Session info: chrome=76.0.3809.100)
Build info: version: '3.8.0', revision: '924c4067df', time: '2017-11-30T11:37:19.049Z'
System info: host: 'USER-PC1', ip: '192.168.1.20', os.name: 'Windows 7', os.arch: 'amd64', os.version: '6.1', java.version: '10.0.2'
Driver info: org.openqa.selenium.chrome.ChromeDriver
Capabilities {acceptInsecureCerts: false, browserName: chrome, browserVersion: 76.0.3809.100, chrome: {chromedriverVersion: 76.0.3809.68 (420c9498db8ce..., userDataDir: C:\Users\jyothi\AppData\Loc...}, goog:chromeOptions: {debuggerAddress: localhost:62860}, javascriptEnabled: true, networkConnectionEnabled: false, pageLoadStrategy: normal, platform: XP, platformName: XP, proxy: Proxy(), setWindowRect: true, strictFileInteractability: false, timeouts: {implicit: 0, pageLoad: 300000, script: 30000}, unhandledPromptBehavior: dismiss and notify}
Session ID: ba679541f62d3be1d2a928e48237d6d6
*** Element info: {Using=link text, value=Inventory}
at org.openqa.selenium.remote.http.W3CHttpResponseCodec.createException(W3CHttpResponseCodec.java:187)
at org.openqa.selenium.remote.http.W3CHttpResponseCodec.decode(W3CHttpResponseCodec.java:122)
at org.openqa.selenium.remote.http.W3CHttpResponseCodec.decode(W3CHttpResponseCodec.java:49)
at org.openqa.selenium.remote.HttpCommandExecutor.execute(HttpCommandExecutor.java:164)
at org.openqa.selenium.remote.service.DriverCommandExecutor.execute(DriverCommandExecutor.java:83)
at org.openqa.selenium.remote.RemoteWebDriver.execute(RemoteWebDriver.java:601)
at org.openqa.selenium.remote.RemoteWebDriver.findElement(RemoteWebDriver.java:371)
at org.openqa.selenium.remote.RemoteWebDriver.findElementByLinkText(RemoteWebDriver.java:425)
at org.openqa.selenium.By$ByLinkText.findElement(By.java:246)
at org.openqa.selenium.remote.RemoteWebDriver.findElement(RemoteWebDriver.java:363)
at org.openqa.selenium.support.pagefactory.DefaultElementLocator.findElement(DefaultElementLocator.java:69)
at org.openqa.selenium.support.pagefactory.internal.LocatingElementHandler.invoke(LocatingElementHandler.java:38)
at com.sun.proxy.$Proxy14.click(Unknown Source)
at com.tranquil.pages.Menu.click_inventory(Menu.java:195)
at com.tranquil.testcases.InventoryReport.click_menu(InventoryReport.java:73)
... Removed 32 stack frames]]>
    </failure>
  </testcase> <!-- @BeforeMethod click_menu -->
  <testcase classname="com.tranquil.testcases.InventoryReport" name="@AfterMethod takescreenshot" time="0.0">
    <skipped/>
  </testcase> <!-- @AfterMethod takescreenshot -->
  <testcase classname="com.tranquil.testcases.CreditNoteSave" name="savecreditnote" time="32.429"/>
  <testcase classname="com.tranquil.testcases.DebitNoteSave" name="savedebitnote" time="16.695"/>
  <testcase classname="com.tranquil.testcases.ExpenseSave" name="save_salesorder" time="0.046">
    <failure type="java.lang.NullPointerException">
      <![CDATA[java.lang.NullPointerException
at org.openqa.selenium.support.pagefactory.DefaultElementLocator.findElement(DefaultElementLocator.java:69)
at org.openqa.selenium.support.pagefactory.internal.LocatingElementHandler.invoke(LocatingElementHandler.java:38)
at com.sun.proxy.$Proxy14.click(Unknown Source)
at com.tranquil.pages.ExpenseList.click_add(ExpenseList.java:20)
at com.tranquil.testcases.ExpenseSave.save_salesorder(ExpenseSave.java:63)
... Removed 25 stack frames]]>
    </failure>
  </testcase> <!-- save_salesorder -->
  <testcase classname="com.tranquil.testcases.ItemSave" name="SaveItem" time="0.0">
    <skipped/>
  </testcase> <!-- SaveItem -->
  <testcase classname="com.tranquil.testcases.ItemSave" name="SaveItem" time="0.0">
    <skipped/>
  </testcase> <!-- SaveItem -->
  <testcase classname="com.tranquil.testcases.ItemSave" name="SaveItem" time="0.0">
    <skipped/>
  </testcase> <!-- SaveItem -->
  <testcase classname="com.tranquil.testcases.ItemSave" name="SaveItem" time="0.0">
    <skipped/>
  </testcase> <!-- SaveItem -->
  <testcase classname="com.tranquil.testcases.ItemSave" name="SaveItem" time="0.0">
    <skipped/>
  </testcase> <!-- SaveItem -->
  <testcase classname="com.tranquil.testcases.ItemSave" name="SaveItem" time="0.0">
    <skipped/>
  </testcase> <!-- SaveItem -->
  <testcase classname="com.tranquil.testcases.ItemSave" name="SaveItem" time="0.0">
    <skipped/>
  </testcase> <!-- SaveItem -->
  <testcase classname="com.tranquil.testcases.ItemSave" name="SaveItem" time="0.0">
    <skipped/>
  </testcase> <!-- SaveItem -->
  <testcase classname="com.tranquil.testcases.ItemSave" name="SaveItem" time="0.0">
    <skipped/>
  </testcase> <!-- SaveItem -->
  <testcase classname="com.tranquil.testcases.ItemSave" name="SaveItem" time="0.0">
    <skipped/>
  </testcase> <!-- SaveItem -->
  <testcase classname="com.tranquil.testcases.ItemSave" name="SaveItem" time="0.0">
    <skipped/>
  </testcase> <!-- SaveItem -->
  <testcase classname="com.tranquil.testcases.ItemSave" name="SaveItem" time="0.0">
    <skipped/>
  </testcase> <!-- SaveItem -->
  <testcase classname="com.tranquil.testcases.ItemSave" name="SaveItem" time="0.0">
    <skipped/>
  </testcase> <!-- SaveItem -->
  <testcase classname="com.tranquil.testcases.ItemSave" name="SaveItem" time="0.0">
    <skipped/>
  </testcase> <!-- SaveItem -->
  <testcase classname="com.tranquil.testcases.ItemSave" name="SaveItem" time="0.0">
    <skipped/>
  </testcase> <!-- SaveItem -->
  <testcase classname="com.tranquil.testcases.ItemSave" name="SaveItem" time="0.0">
    <skipped/>
  </testcase> <!-- SaveItem -->
  <testcase classname="com.tranquil.testcases.ItemSave" name="SaveItem" time="0.0">
    <skipped/>
  </testcase> <!-- SaveItem -->
  <testcase classname="com.tranquil.testcases.ItemSave" name="SaveItem" time="0.0">
    <skipped/>
  </testcase> <!-- SaveItem -->
  <testcase classname="com.tranquil.testcases.ItemSave" name="SaveItem" time="0.0">
    <skipped/>
  </testcase> <!-- SaveItem -->
  <testcase classname="com.tranquil.testcases.ItemSave" name="SaveItem" time="0.0">
    <skipped/>
  </testcase> <!-- SaveItem -->
  <testcase classname="com.tranquil.testcases.ItemSave" name="SaveItem" time="0.0">
    <skipped/>
  </testcase> <!-- SaveItem -->
  <testcase classname="com.tranquil.testcases.ItemSave" name="SaveItem" time="0.0">
    <skipped/>
  </testcase> <!-- SaveItem -->
  <testcase classname="com.tranquil.testcases.ItemSave" name="SaveItem" time="0.0">
    <skipped/>
  </testcase> <!-- SaveItem -->
  <testcase classname="com.tranquil.testcases.ItemSave" name="SaveItem" time="0.0">
    <skipped/>
  </testcase> <!-- SaveItem -->
  <testcase classname="com.tranquil.testcases.ItemSave" name="SaveItem" time="0.0">
    <skipped/>
  </testcase> <!-- SaveItem -->
  <testcase classname="com.tranquil.testcases.ItemSave" name="SaveItem" time="0.0">
    <skipped/>
  </testcase> <!-- SaveItem -->
  <testcase classname="com.tranquil.testcases.ItemSave" name="SaveItem" time="0.0">
    <skipped/>
  </testcase> <!-- SaveItem -->
  <testcase classname="com.tranquil.testcases.ItemSave" name="SaveItem" time="0.0">
    <skipped/>
  </testcase> <!-- SaveItem -->
  <testcase classname="com.tranquil.testcases.ItemSave" name="SaveItem" time="0.0">
    <skipped/>
  </testcase> <!-- SaveItem -->
  <testcase classname="com.tranquil.testcases.ItemSave" name="SaveItem" time="0.0">
    <skipped/>
  </testcase> <!-- SaveItem -->
  <testcase classname="com.tranquil.testcases.ItemSave" name="SaveItem" time="0.0">
    <skipped/>
  </testcase> <!-- SaveItem -->
  <testcase classname="com.tranquil.testcases.ItemSave" name="SaveItem" time="0.0">
    <skipped/>
  </testcase> <!-- SaveItem -->
  <testcase classname="com.tranquil.testcases.ItemSave" name="SaveItem" time="0.0">
    <skipped/>
  </testcase> <!-- SaveItem -->
  <testcase classname="com.tranquil.testcases.ItemSave" name="SaveItem" time="0.0">
    <skipped/>
  </testcase> <!-- SaveItem -->
  <testcase classname="com.tranquil.testcases.ItemSave" name="SaveItem" time="0.0">
    <skipped/>
  </testcase> <!-- SaveItem -->
  <testcase classname="com.tranquil.testcases.ItemSave" name="SaveItem" time="0.0">
    <skipped/>
  </testcase> <!-- SaveItem -->
  <testcase classname="com.tranquil.testcases.ItemSave" name="SaveItem" time="0.0">
    <skipped/>
  </testcase> <!-- SaveItem -->
  <testcase classname="com.tranquil.testcases.ItemSave" name="SaveItem" time="0.0">
    <skipped/>
  </testcase> <!-- SaveItem -->
  <testcase classname="com.tranquil.testcases.ItemSave" name="SaveItem" time="0.0">
    <skipped/>
  </testcase> <!-- SaveItem -->
  <testcase classname="com.tranquil.testcases.ItemSave" name="SaveItem" time="0.0">
    <skipped/>
  </testcase> <!-- SaveItem -->
  <testcase classname="com.tranquil.testcases.ItemSave" name="SaveItem" time="0.0">
    <skipped/>
  </testcase> <!-- SaveItem -->
  <testcase classname="com.tranquil.testcases.ItemSave" name="SaveItem" time="0.0">
    <skipped/>
  </testcase> <!-- SaveItem -->
  <testcase classname="com.tranquil.testcases.ItemSave" name="SaveItem" time="0.0">
    <skipped/>
  </testcase> <!-- SaveItem -->
  <testcase classname="com.tranquil.testcases.ItemSave" name="SaveItem" time="0.0">
    <skipped/>
  </testcase> <!-- SaveItem -->
  <testcase classname="com.tranquil.testcases.ItemSave" name="SaveItem" time="0.0">
    <skipped/>
  </testcase> <!-- SaveItem -->
  <testcase classname="com.tranquil.testcases.ItemSave" name="SaveItem" time="0.0">
    <skipped/>
  </testcase> <!-- SaveItem -->
  <testcase classname="com.tranquil.testcases.ItemSave" name="SaveItem" time="0.0">
    <skipped/>
  </testcase> <!-- SaveItem -->
  <testcase classname="com.tranquil.testcases.ItemSave" name="SaveItem" time="0.0">
    <skipped/>
  </testcase> <!-- SaveItem -->
  <testcase classname="com.tranquil.testcases.ItemSave" name="SaveItem" time="0.0">
    <skipped/>
  </testcase> <!-- SaveItem -->
  <testcase classname="com.tranquil.testcases.ItemSave" name="SaveItem" time="0.0">
    <skipped/>
  </testcase> <!-- SaveItem -->
  <testcase classname="com.tranquil.testcases.ItemSave" name="SaveItem" time="0.0">
    <skipped/>
  </testcase> <!-- SaveItem -->
  <testcase classname="com.tranquil.testcases.ItemSave" name="SaveItem" time="0.0">
    <skipped/>
  </testcase> <!-- SaveItem -->
  <testcase classname="com.tranquil.testcases.ItemSave" name="SaveItem" time="0.0">
    <skipped/>
  </testcase> <!-- SaveItem -->
  <testcase classname="com.tranquil.testcases.ItemSave" name="SaveItem" time="0.0">
    <skipped/>
  </testcase> <!-- SaveItem -->
  <testcase classname="com.tranquil.testcases.ItemSave" name="SaveItem" time="0.0">
    <skipped/>
  </testcase> <!-- SaveItem -->
  <testcase classname="com.tranquil.testcases.ItemSave" name="SaveItem" time="0.0">
    <skipped/>
  </testcase> <!-- SaveItem -->
  <testcase classname="com.tranquil.testcases.ItemSave" name="SaveItem" time="0.0">
    <skipped/>
  </testcase> <!-- SaveItem -->
  <testcase classname="com.tranquil.testcases.ItemSave" name="SaveItem" time="0.0">
    <skipped/>
  </testcase> <!-- SaveItem -->
  <testcase classname="com.tranquil.testcases.ItemSave" name="SaveItem" time="0.0">
    <skipped/>
  </testcase> <!-- SaveItem -->
  <testcase classname="com.tranquil.testcases.ItemSave" name="SaveItem" time="0.0">
    <skipped/>
  </testcase> <!-- SaveItem -->
  <testcase classname="com.tranquil.testcases.ItemSave" name="SaveItem" time="0.0">
    <skipped/>
  </testcase> <!-- SaveItem -->
  <testcase classname="com.tranquil.testcases.ItemSave" name="SaveItem" time="0.0">
    <skipped/>
  </testcase> <!-- SaveItem -->
  <testcase classname="com.tranquil.testcases.ItemSave" name="SaveItem" time="0.0">
    <skipped/>
  </testcase> <!-- SaveItem -->
  <testcase classname="com.tranquil.testcases.ItemSave" name="SaveItem" time="0.0">
    <skipped/>
  </testcase> <!-- SaveItem -->
  <testcase classname="com.tranquil.testcases.ItemSave" name="SaveItem" time="0.0">
    <skipped/>
  </testcase> <!-- SaveItem -->
  <testcase classname="com.tranquil.testcases.ItemSave" name="SaveItem" time="0.0">
    <skipped/>
  </testcase> <!-- SaveItem -->
  <testcase classname="com.tranquil.testcases.ItemSave" name="SaveItem" time="0.0">
    <skipped/>
  </testcase> <!-- SaveItem -->
  <testcase classname="com.tranquil.testcases.ItemSave" name="SaveItem" time="0.0">
    <skipped/>
  </testcase> <!-- SaveItem -->
  <testcase classname="com.tranquil.testcases.ItemSave" name="SaveItem" time="0.0">
    <skipped/>
  </testcase> <!-- SaveItem -->
  <testcase classname="com.tranquil.testcases.ItemSave" name="SaveItem" time="0.0">
    <skipped/>
  </testcase> <!-- SaveItem -->
  <testcase classname="com.tranquil.testcases.ItemSave" name="SaveItem" time="0.0">
    <skipped/>
  </testcase> <!-- SaveItem -->
  <testcase classname="com.tranquil.testcases.ItemSave" name="SaveItem" time="0.0">
    <skipped/>
  </testcase> <!-- SaveItem -->
  <testcase classname="com.tranquil.testcases.ItemSave" name="SaveItem" time="0.0">
    <skipped/>
  </testcase> <!-- SaveItem -->
  <testcase classname="com.tranquil.testcases.ItemSave" name="SaveItem" time="0.0">
    <skipped/>
  </testcase> <!-- SaveItem -->
  <testcase classname="com.tranquil.testcases.ItemSave" name="SaveItem" time="0.0">
    <skipped/>
  </testcase> <!-- SaveItem -->
  <testcase classname="com.tranquil.testcases.ItemSave" name="SaveItem" time="0.0">
    <skipped/>
  </testcase> <!-- SaveItem -->
  <testcase classname="com.tranquil.testcases.ItemSave" name="SaveItem" time="0.0">
    <skipped/>
  </testcase> <!-- SaveItem -->
  <testcase classname="com.tranquil.testcases.ItemSave" name="SaveItem" time="0.0">
    <skipped/>
  </testcase> <!-- SaveItem -->
  <testcase classname="com.tranquil.testcases.ItemSave" name="SaveItem" time="0.0">
    <skipped/>
  </testcase> <!-- SaveItem -->
  <testcase classname="com.tranquil.testcases.ItemSave" name="SaveItem" time="0.0">
    <skipped/>
  </testcase> <!-- SaveItem -->
  <testcase classname="com.tranquil.testcases.ItemSave" name="SaveItem" time="0.0">
    <skipped/>
  </testcase> <!-- SaveItem -->
  <testcase classname="com.tranquil.testcases.ItemSave" name="SaveItem" time="0.0">
    <skipped/>
  </testcase> <!-- SaveItem -->
  <testcase classname="com.tranquil.testcases.ItemSave" name="SaveItem" time="0.0">
    <skipped/>
  </testcase> <!-- SaveItem -->
  <testcase classname="com.tranquil.testcases.ItemSave" name="SaveItem" time="0.0">
    <skipped/>
  </testcase> <!-- SaveItem -->
  <testcase classname="com.tranquil.testcases.ItemSave" name="SaveItem" time="0.0">
    <skipped/>
  </testcase> <!-- SaveItem -->
  <testcase classname="com.tranquil.testcases.ItemSave" name="SaveItem" time="0.0">
    <skipped/>
  </testcase> <!-- SaveItem -->
  <testcase classname="com.tranquil.testcases.ItemSave" name="SaveItem" time="0.0">
    <skipped/>
  </testcase> <!-- SaveItem -->
  <testcase classname="com.tranquil.testcases.ItemSave" name="SaveItem" time="0.0">
    <skipped/>
  </testcase> <!-- SaveItem -->
  <testcase classname="com.tranquil.testcases.ItemSave" name="SaveItem" time="0.0">
    <skipped/>
  </testcase> <!-- SaveItem -->
  <testcase classname="com.tranquil.testcases.ItemSave" name="SaveItem" time="0.0">
    <skipped/>
  </testcase> <!-- SaveItem -->
  <testcase classname="com.tranquil.testcases.ItemSave" name="SaveItem" time="0.0">
    <skipped/>
  </testcase> <!-- SaveItem -->
  <testcase classname="com.tranquil.testcases.ItemSave" name="SaveItem" time="0.0">
    <skipped/>
  </testcase> <!-- SaveItem -->
  <testcase classname="com.tranquil.testcases.ItemSave" name="SaveItem" time="0.0">
    <skipped/>
  </testcase> <!-- SaveItem -->
  <testcase classname="com.tranquil.testcases.ItemSave" name="SaveItem" time="0.0">
    <skipped/>
  </testcase> <!-- SaveItem -->
  <testcase classname="com.tranquil.testcases.ItemSave" name="SaveItem" time="0.0">
    <skipped/>
  </testcase> <!-- SaveItem -->
  <testcase classname="com.tranquil.testcases.ItemSave" name="SaveItem" time="0.0">
    <skipped/>
  </testcase> <!-- SaveItem -->
  <testcase classname="com.tranquil.testcases.ItemSave" name="SaveItem" time="0.0">
    <skipped/>
  </testcase> <!-- SaveItem -->
  <testcase classname="com.tranquil.testcases.ItemSave" name="SaveItem" time="0.0">
    <skipped/>
  </testcase> <!-- SaveItem -->
  <testcase classname="com.tranquil.testcases.ItemSave" name="SaveItem" time="0.0">
    <skipped/>
  </testcase> <!-- SaveItem -->
  <testcase classname="com.tranquil.testcases.ItemSave" name="SaveItem" time="0.0">
    <skipped/>
  </testcase> <!-- SaveItem -->
  <testcase classname="com.tranquil.testcases.ItemSave" name="SaveItem" time="0.0">
    <skipped/>
  </testcase> <!-- SaveItem -->
  <testcase classname="com.tranquil.testcases.ItemSave" name="SaveItem" time="0.0">
    <skipped/>
  </testcase> <!-- SaveItem -->
  <testcase classname="com.tranquil.testcases.ItemSave" name="SaveItem" time="0.0">
    <skipped/>
  </testcase> <!-- SaveItem -->
  <testcase classname="com.tranquil.testcases.ItemSave" name="SaveItem" time="0.0">
    <skipped/>
  </testcase> <!-- SaveItem -->
  <testcase classname="com.tranquil.testcases.ItemSave" name="SaveItem" time="0.0">
    <skipped/>
  </testcase> <!-- SaveItem -->
  <testcase classname="com.tranquil.testcases.ItemSave" name="SaveItem" time="0.0">
    <skipped/>
  </testcase> <!-- SaveItem -->
  <testcase classname="com.tranquil.testcases.ItemSave" name="SaveItem" time="0.0">
    <skipped/>
  </testcase> <!-- SaveItem -->
  <testcase classname="com.tranquil.testcases.ItemSave" name="SaveItem" time="0.0">
    <skipped/>
  </testcase> <!-- SaveItem -->
  <testcase classname="com.tranquil.testcases.ItemSave" name="SaveItem" time="0.0">
    <skipped/>
  </testcase> <!-- SaveItem -->
  <testcase classname="com.tranquil.testcases.ItemSave" name="SaveItem" time="0.0">
    <skipped/>
  </testcase> <!-- SaveItem -->
  <testcase classname="com.tranquil.testcases.ItemSave" name="SaveItem" time="0.0">
    <skipped/>
  </testcase> <!-- SaveItem -->
  <testcase classname="com.tranquil.testcases.ItemSave" name="SaveItem" time="0.0">
    <skipped/>
  </testcase> <!-- SaveItem -->
  <testcase classname="com.tranquil.testcases.ItemSave" name="SaveItem" time="0.0">
    <skipped/>
  </testcase> <!-- SaveItem -->
  <testcase classname="com.tranquil.testcases.ItemSave" name="SaveItem" time="0.0">
    <skipped/>
  </testcase> <!-- SaveItem -->
  <testcase classname="com.tranquil.testcases.ItemSave" name="SaveItem" time="0.0">
    <skipped/>
  </testcase> <!-- SaveItem -->
  <testcase classname="com.tranquil.testcases.ItemSave" name="SaveItem" time="0.0">
    <skipped/>
  </testcase> <!-- SaveItem -->
  <testcase classname="com.tranquil.testcases.ItemSave" name="SaveItem" time="0.0">
    <skipped/>
  </testcase> <!-- SaveItem -->
  <testcase classname="com.tranquil.testcases.ItemSave" name="SaveItem" time="0.0">
    <skipped/>
  </testcase> <!-- SaveItem -->
  <testcase classname="com.tranquil.testcases.ItemSave" name="SaveItem" time="0.0">
    <skipped/>
  </testcase> <!-- SaveItem -->
  <testcase classname="com.tranquil.testcases.ItemSave" name="SaveItem" time="0.0">
    <skipped/>
  </testcase> <!-- SaveItem -->
  <testcase classname="com.tranquil.testcases.ItemSave" name="SaveItem" time="0.0">
    <skipped/>
  </testcase> <!-- SaveItem -->
  <testcase classname="com.tranquil.testcases.ItemSave" name="SaveItem" time="0.0">
    <skipped/>
  </testcase> <!-- SaveItem -->
  <testcase classname="com.tranquil.testcases.ItemSave" name="SaveItem" time="0.0">
    <skipped/>
  </testcase> <!-- SaveItem -->
  <testcase classname="com.tranquil.testcases.ItemSave" name="SaveItem" time="0.0">
    <skipped/>
  </testcase> <!-- SaveItem -->
  <testcase classname="com.tranquil.testcases.ItemSave" name="SaveItem" time="0.0">
    <skipped/>
  </testcase> <!-- SaveItem -->
  <testcase classname="com.tranquil.testcases.ItemSave" name="SaveItem" time="0.0">
    <skipped/>
  </testcase> <!-- SaveItem -->
  <testcase classname="com.tranquil.testcases.ItemSave" name="SaveItem" time="0.0">
    <skipped/>
  </testcase> <!-- SaveItem -->
  <testcase classname="com.tranquil.testcases.ItemSave" name="SaveItem" time="0.0">
    <skipped/>
  </testcase> <!-- SaveItem -->
  <testcase classname="com.tranquil.testcases.ItemSave" name="SaveItem" time="0.0">
    <skipped/>
  </testcase> <!-- SaveItem -->
  <testcase classname="com.tranquil.testcases.ItemSave" name="SaveItem" time="0.0">
    <skipped/>
  </testcase> <!-- SaveItem -->
  <testcase classname="com.tranquil.testcases.ItemSave" name="SaveItem" time="0.0">
    <skipped/>
  </testcase> <!-- SaveItem -->
  <testcase classname="com.tranquil.testcases.ItemSave" name="SaveItem" time="0.0">
    <skipped/>
  </testcase> <!-- SaveItem -->
  <testcase classname="com.tranquil.testcases.ItemSave" name="SaveItem" time="0.0">
    <skipped/>
  </testcase> <!-- SaveItem -->
  <testcase classname="com.tranquil.testcases.ItemSave" name="SaveItem" time="0.0">
    <skipped/>
  </testcase> <!-- SaveItem -->
  <testcase classname="com.tranquil.testcases.ItemSave" name="SaveItem" time="0.0">
    <skipped/>
  </testcase> <!-- SaveItem -->
  <testcase classname="com.tranquil.testcases.ItemSave" name="SaveItem" time="0.0">
    <skipped/>
  </testcase> <!-- SaveItem -->
  <testcase classname="com.tranquil.testcases.ItemSave" name="SaveItem" time="0.0">
    <skipped/>
  </testcase> <!-- SaveItem -->
  <testcase classname="com.tranquil.testcases.ItemSave" name="SaveItem" time="0.0">
    <skipped/>
  </testcase> <!-- SaveItem -->
  <testcase classname="com.tranquil.testcases.ItemSave" name="SaveItem" time="0.0">
    <skipped/>
  </testcase> <!-- SaveItem -->
  <testcase classname="com.tranquil.testcases.ItemSave" name="SaveItem" time="0.0">
    <skipped/>
  </testcase> <!-- SaveItem -->
  <testcase classname="com.tranquil.testcases.ItemSave" name="SaveItem" time="0.0">
    <skipped/>
  </testcase> <!-- SaveItem -->
  <testcase classname="com.tranquil.testcases.ItemSave" name="SaveItem" time="0.0">
    <skipped/>
  </testcase> <!-- SaveItem -->
  <testcase classname="com.tranquil.testcases.ItemSave" name="SaveItem" time="0.0">
    <skipped/>
  </testcase> <!-- SaveItem -->
  <testcase classname="com.tranquil.testcases.ItemSave" name="SaveItem" time="0.0">
    <skipped/>
  </testcase> <!-- SaveItem -->
  <testcase classname="com.tranquil.testcases.ItemSave" name="SaveItem" time="0.0">
    <skipped/>
  </testcase> <!-- SaveItem -->
  <testcase classname="com.tranquil.testcases.ItemSave" name="SaveItem" time="0.0">
    <skipped/>
  </testcase> <!-- SaveItem -->
  <testcase classname="com.tranquil.testcases.ItemSave" name="SaveItem" time="0.0">
    <skipped/>
  </testcase> <!-- SaveItem -->
  <testcase classname="com.tranquil.testcases.ItemSave" name="SaveItem" time="0.0">
    <skipped/>
  </testcase> <!-- SaveItem -->
  <testcase classname="com.tranquil.testcases.ItemSave" name="SaveItem" time="0.0">
    <skipped/>
  </testcase> <!-- SaveItem -->
  <testcase classname="com.tranquil.testcases.ItemSave" name="SaveItem" time="0.0">
    <skipped/>
  </testcase> <!-- SaveItem -->
  <testcase classname="com.tranquil.testcases.ItemSave" name="SaveItem" time="0.0">
    <skipped/>
  </testcase> <!-- SaveItem -->
  <testcase classname="com.tranquil.testcases.ItemSave" name="SaveItem" time="0.0">
    <skipped/>
  </testcase> <!-- SaveItem -->
  <testcase classname="com.tranquil.testcases.ItemSave" name="SaveItem" time="0.0">
    <skipped/>
  </testcase> <!-- SaveItem -->
  <testcase classname="com.tranquil.testcases.ItemSave" name="SaveItem" time="0.0">
    <skipped/>
  </testcase> <!-- SaveItem -->
  <testcase classname="com.tranquil.testcases.ItemSave" name="SaveItem" time="0.0">
    <skipped/>
  </testcase> <!-- SaveItem -->
  <testcase classname="com.tranquil.testcases.ItemSave" name="SaveItem" time="0.0">
    <skipped/>
  </testcase> <!-- SaveItem -->
  <testcase classname="com.tranquil.testcases.ItemSave" name="SaveItem" time="0.0">
    <skipped/>
  </testcase> <!-- SaveItem -->
  <testcase classname="com.tranquil.testcases.ItemSave" name="SaveItem" time="0.0">
    <skipped/>
  </testcase> <!-- SaveItem -->
  <testcase classname="com.tranquil.testcases.ItemSave" name="SaveItem" time="0.0">
    <skipped/>
  </testcase> <!-- SaveItem -->
  <testcase classname="com.tranquil.testcases.ItemSave" name="SaveItem" time="0.0">
    <skipped/>
  </testcase> <!-- SaveItem -->
  <testcase classname="com.tranquil.testcases.ItemSave" name="SaveItem" time="0.0">
    <skipped/>
  </testcase> <!-- SaveItem -->
  <testcase classname="com.tranquil.testcases.ItemSave" name="SaveItem" time="0.0">
    <skipped/>
  </testcase> <!-- SaveItem -->
  <testcase classname="com.tranquil.testcases.ItemSave" name="SaveItem" time="0.0">
    <skipped/>
  </testcase> <!-- SaveItem -->
  <testcase classname="com.tranquil.testcases.ItemSave" name="SaveItem" time="0.0">
    <skipped/>
  </testcase> <!-- SaveItem -->
  <testcase classname="com.tranquil.testcases.ItemSave" name="SaveItem" time="0.0">
    <skipped/>
  </testcase> <!-- SaveItem -->
  <testcase classname="com.tranquil.testcases.ItemSave" name="SaveItem" time="0.0">
    <skipped/>
  </testcase> <!-- SaveItem -->
  <testcase classname="com.tranquil.testcases.ItemSave" name="SaveItem" time="0.0">
    <skipped/>
  </testcase> <!-- SaveItem -->
  <testcase classname="com.tranquil.testcases.ItemSave" name="SaveItem" time="0.0">
    <skipped/>
  </testcase> <!-- SaveItem -->
  <testcase classname="com.tranquil.testcases.ItemSave" name="SaveItem" time="0.0">
    <skipped/>
  </testcase> <!-- SaveItem -->
  <testcase classname="com.tranquil.testcases.ItemSave" name="SaveItem" time="0.0">
    <skipped/>
  </testcase> <!-- SaveItem -->
  <testcase classname="com.tranquil.testcases.ItemSave" name="SaveItem" time="0.0">
    <skipped/>
  </testcase> <!-- SaveItem -->
  <testcase classname="com.tranquil.testcases.ItemSave" name="SaveItem" time="0.0">
    <skipped/>
  </testcase> <!-- SaveItem -->
  <testcase classname="com.tranquil.testcases.ItemSave" name="SaveItem" time="0.0">
    <skipped/>
  </testcase> <!-- SaveItem -->
  <testcase classname="com.tranquil.testcases.ItemSave" name="SaveItem" time="0.0">
    <skipped/>
  </testcase> <!-- SaveItem -->
  <testcase classname="com.tranquil.testcases.ItemSave" name="SaveItem" time="0.0">
    <skipped/>
  </testcase> <!-- SaveItem -->
  <testcase classname="com.tranquil.testcases.ItemSave" name="SaveItem" time="0.0">
    <skipped/>
  </testcase> <!-- SaveItem -->
  <testcase classname="com.tranquil.testcases.ItemSave" name="SaveItem" time="0.0">
    <skipped/>
  </testcase> <!-- SaveItem -->
  <testcase classname="com.tranquil.testcases.ItemSave" name="SaveItem" time="0.0">
    <skipped/>
  </testcase> <!-- SaveItem -->
  <testcase classname="com.tranquil.testcases.ItemSave" name="SaveItem" time="0.0">
    <skipped/>
  </testcase> <!-- SaveItem -->
  <testcase classname="com.tranquil.testcases.ItemSave" name="SaveItem" time="0.0">
    <skipped/>
  </testcase> <!-- SaveItem -->
  <testcase classname="com.tranquil.testcases.ItemSave" name="SaveItem" time="0.0">
    <skipped/>
  </testcase> <!-- SaveItem -->
  <testcase classname="com.tranquil.testcases.ItemSave" name="SaveItem" time="0.0">
    <skipped/>
  </testcase> <!-- SaveItem -->
  <testcase classname="com.tranquil.testcases.ItemSave" name="SaveItem" time="0.0">
    <skipped/>
  </testcase> <!-- SaveItem -->
  <testcase classname="com.tranquil.testcases.ItemSave" name="SaveItem" time="0.0">
    <skipped/>
  </testcase> <!-- SaveItem -->
  <testcase classname="com.tranquil.testcases.ItemSave" name="SaveItem" time="0.0">
    <skipped/>
  </testcase> <!-- SaveItem -->
  <testcase classname="com.tranquil.testcases.ItemSave" name="SaveItem" time="0.0">
    <skipped/>
  </testcase> <!-- SaveItem -->
  <testcase classname="com.tranquil.testcases.ItemSave" name="SaveItem" time="0.0">
    <skipped/>
  </testcase> <!-- SaveItem -->
  <testcase classname="com.tranquil.testcases.ItemSave" name="SaveItem" time="0.0">
    <skipped/>
  </testcase> <!-- SaveItem -->
  <testcase classname="com.tranquil.testcases.ItemSave" name="SaveItem" time="0.0">
    <skipped/>
  </testcase> <!-- SaveItem -->
  <testcase classname="com.tranquil.testcases.ItemSave" name="SaveItem" time="0.0">
    <skipped/>
  </testcase> <!-- SaveItem -->
  <testcase classname="com.tranquil.testcases.ItemSave" name="SaveItem" time="0.0">
    <skipped/>
  </testcase> <!-- SaveItem -->
  <testcase classname="com.tranquil.testcases.ItemSave" name="SaveItem" time="0.0">
    <skipped/>
  </testcase> <!-- SaveItem -->
  <testcase classname="com.tranquil.testcases.ItemSave" name="SaveItem" time="0.0">
    <skipped/>
  </testcase> <!-- SaveItem -->
  <testcase classname="com.tranquil.testcases.ItemSave" name="SaveItem" time="0.0">
    <skipped/>
  </testcase> <!-- SaveItem -->
  <testcase classname="com.tranquil.testcases.ItemSave" name="SaveItem" time="0.0">
    <skipped/>
  </testcase> <!-- SaveItem -->
  <testcase classname="com.tranquil.testcases.ItemSave" name="SaveItem" time="0.0">
    <skipped/>
  </testcase> <!-- SaveItem -->
  <testcase classname="com.tranquil.testcases.ItemSave" name="SaveItem" time="0.0">
    <skipped/>
  </testcase> <!-- SaveItem -->
  <testcase classname="com.tranquil.testcases.ItemSave" name="SaveItem" time="0.0">
    <skipped/>
  </testcase> <!-- SaveItem -->
  <testcase classname="com.tranquil.testcases.ItemSave" name="SaveItem" time="0.0">
    <skipped/>
  </testcase> <!-- SaveItem -->
  <testcase classname="com.tranquil.testcases.ItemSave" name="SaveItem" time="0.0">
    <skipped/>
  </testcase> <!-- SaveItem -->
  <testcase classname="com.tranquil.testcases.ItemSave" name="SaveItem" time="0.0">
    <skipped/>
  </testcase> <!-- SaveItem -->
  <testcase classname="com.tranquil.testcases.ItemSave" name="SaveItem" time="0.0">
    <skipped/>
  </testcase> <!-- SaveItem -->
  <testcase classname="com.tranquil.testcases.ItemSave" name="SaveItem" time="0.0">
    <skipped/>
  </testcase> <!-- SaveItem -->
  <testcase classname="com.tranquil.testcases.ItemSave" name="SaveItem" time="0.0">
    <skipped/>
  </testcase> <!-- SaveItem -->
  <testcase classname="com.tranquil.testcases.ItemSave" name="SaveItem" time="0.0">
    <skipped/>
  </testcase> <!-- SaveItem -->
  <testcase classname="com.tranquil.testcases.ItemSave" name="SaveItem" time="0.0">
    <skipped/>
  </testcase> <!-- SaveItem -->
  <testcase classname="com.tranquil.testcases.ItemSave" name="SaveItem" time="0.0">
    <skipped/>
  </testcase> <!-- SaveItem -->
  <testcase classname="com.tranquil.testcases.ItemSave" name="SaveItem" time="0.0">
    <skipped/>
  </testcase> <!-- SaveItem -->
  <testcase classname="com.tranquil.testcases.ItemSave" name="SaveItem" time="0.0">
    <skipped/>
  </testcase> <!-- SaveItem -->
  <testcase classname="com.tranquil.testcases.ItemSave" name="SaveItem" time="0.0">
    <skipped/>
  </testcase> <!-- SaveItem -->
  <testcase classname="com.tranquil.testcases.ItemSave" name="SaveItem" time="0.0">
    <skipped/>
  </testcase> <!-- SaveItem -->
  <testcase classname="com.tranquil.testcases.ItemSave" name="SaveItem" time="0.0">
    <skipped/>
  </testcase> <!-- SaveItem -->
  <testcase classname="com.tranquil.testcases.ItemSave" name="SaveItem" time="0.0">
    <skipped/>
  </testcase> <!-- SaveItem -->
  <testcase classname="com.tranquil.testcases.ItemSave" name="SaveItem" time="0.0">
    <skipped/>
  </testcase> <!-- SaveItem -->
  <testcase classname="com.tranquil.testcases.ItemSave" name="SaveItem" time="0.0">
    <skipped/>
  </testcase> <!-- SaveItem -->
  <testcase classname="com.tranquil.testcases.ItemSave" name="SaveItem" time="0.0">
    <skipped/>
  </testcase> <!-- SaveItem -->
  <testcase classname="com.tranquil.testcases.ItemSave" name="SaveItem" time="0.0">
    <skipped/>
  </testcase> <!-- SaveItem -->
  <testcase classname="com.tranquil.testcases.ItemSave" name="SaveItem" time="0.0">
    <skipped/>
  </testcase> <!-- SaveItem -->
  <testcase classname="com.tranquil.testcases.ItemSave" name="SaveItem" time="0.0">
    <skipped/>
  </testcase> <!-- SaveItem -->
  <testcase classname="com.tranquil.testcases.ItemSave" name="SaveItem" time="0.0">
    <skipped/>
  </testcase> <!-- SaveItem -->
  <testcase classname="com.tranquil.testcases.ItemSave" name="SaveItem" time="0.0">
    <skipped/>
  </testcase> <!-- SaveItem -->
  <testcase classname="com.tranquil.testcases.ItemSave" name="SaveItem" time="0.0">
    <skipped/>
  </testcase> <!-- SaveItem -->
  <testcase classname="com.tranquil.testcases.ItemSave" name="SaveItem" time="0.0">
    <skipped/>
  </testcase> <!-- SaveItem -->
  <testcase classname="com.tranquil.testcases.ItemSave" name="SaveItem" time="0.0">
    <skipped/>
  </testcase> <!-- SaveItem -->
  <testcase classname="com.tranquil.testcases.ItemSave" name="SaveItem" time="0.0">
    <skipped/>
  </testcase> <!-- SaveItem -->
  <testcase classname="com.tranquil.testcases.ItemSave" name="SaveItem" time="0.0">
    <skipped/>
  </testcase> <!-- SaveItem -->
  <testcase classname="com.tranquil.testcases.ItemSave" name="SaveItem" time="0.0">
    <skipped/>
  </testcase> <!-- SaveItem -->
  <testcase classname="com.tranquil.testcases.ItemSave" name="SaveItem" time="0.0">
    <skipped/>
  </testcase> <!-- SaveItem -->
  <testcase classname="com.tranquil.testcases.ItemSave" name="SaveItem" time="0.0">
    <skipped/>
  </testcase> <!-- SaveItem -->
  <testcase classname="com.tranquil.testcases.ItemSave" name="SaveItem" time="0.0">
    <skipped/>
  </testcase> <!-- SaveItem -->
  <testcase classname="com.tranquil.testcases.ItemSave" name="SaveItem" time="0.0">
    <skipped/>
  </testcase> <!-- SaveItem -->
  <testcase classname="com.tranquil.testcases.ItemSave" name="SaveItem" time="0.0">
    <skipped/>
  </testcase> <!-- SaveItem -->
  <testcase classname="com.tranquil.testcases.ItemSave" name="SaveItem" time="0.0">
    <skipped/>
  </testcase> <!-- SaveItem -->
  <testcase classname="com.tranquil.testcases.ItemSave" name="SaveItem" time="0.0">
    <skipped/>
  </testcase> <!-- SaveItem -->
  <testcase classname="com.tranquil.testcases.ItemSave" name="SaveItem" time="0.0">
    <skipped/>
  </testcase> <!-- SaveItem -->
  <testcase classname="com.tranquil.testcases.ItemSave" name="SaveItem" time="0.0">
    <skipped/>
  </testcase> <!-- SaveItem -->
  <testcase classname="com.tranquil.testcases.ItemSave" name="SaveItem" time="0.0">
    <skipped/>
  </testcase> <!-- SaveItem -->
  <testcase classname="com.tranquil.testcases.ItemSave" name="SaveItem" time="0.0">
    <skipped/>
  </testcase> <!-- SaveItem -->
  <testcase classname="com.tranquil.testcases.ItemSave" name="SaveItem" time="0.0">
    <skipped/>
  </testcase> <!-- SaveItem -->
  <testcase classname="com.tranquil.testcases.ItemSave" name="SaveItem" time="0.0">
    <skipped/>
  </testcase> <!-- SaveItem -->
  <testcase classname="com.tranquil.testcases.ItemSave" name="SaveItem" time="0.0">
    <skipped/>
  </testcase> <!-- SaveItem -->
  <testcase classname="com.tranquil.testcases.ItemSave" name="SaveItem" time="0.0">
    <skipped/>
  </testcase> <!-- SaveItem -->
  <testcase classname="com.tranquil.testcases.ItemSave" name="SaveItem" time="0.0">
    <skipped/>
  </testcase> <!-- SaveItem -->
  <testcase classname="com.tranquil.testcases.ItemSave" name="SaveItem" time="0.0">
    <skipped/>
  </testcase> <!-- SaveItem -->
  <testcase classname="com.tranquil.testcases.ItemSave" name="SaveItem" time="0.0">
    <skipped/>
  </testcase> <!-- SaveItem -->
  <testcase classname="com.tranquil.testcases.ItemSave" name="SaveItem" time="0.0">
    <skipped/>
  </testcase> <!-- SaveItem -->
  <testcase classname="com.tranquil.testcases.ItemSave" name="SaveItem" time="0.0">
    <skipped/>
  </testcase> <!-- SaveItem -->
  <testcase classname="com.tranquil.testcases.ItemSave" name="SaveItem" time="0.0">
    <skipped/>
  </testcase> <!-- SaveItem -->
  <testcase classname="com.tranquil.testcases.ItemSave" name="SaveItem" time="0.0">
    <skipped/>
  </testcase> <!-- SaveItem -->
  <testcase classname="com.tranquil.testcases.ItemSave" name="SaveItem" time="0.0">
    <skipped/>
  </testcase> <!-- SaveItem -->
  <testcase classname="com.tranquil.testcases.ItemSave" name="SaveItem" time="0.0">
    <skipped/>
  </testcase> <!-- SaveItem -->
  <testcase classname="com.tranquil.testcases.ItemSave" name="SaveItem" time="0.0">
    <skipped/>
  </testcase> <!-- SaveItem -->
  <testcase classname="com.tranquil.testcases.ItemSave" name="SaveItem" time="0.0">
    <skipped/>
  </testcase> <!-- SaveItem -->
  <testcase classname="com.tranquil.testcases.ItemSave" name="SaveItem" time="0.0">
    <skipped/>
  </testcase> <!-- SaveItem -->
  <testcase classname="com.tranquil.testcases.ItemSave" name="SaveItem" time="0.0">
    <skipped/>
  </testcase> <!-- SaveItem -->
  <testcase classname="com.tranquil.testcases.ItemSave" name="SaveItem" time="0.0">
    <skipped/>
  </testcase> <!-- SaveItem -->
  <testcase classname="com.tranquil.testcases.ManualJournalSave" name="saveManualJournal" time="11.725"/>
  <testcase classname="com.tranquil.testcases.PuchaseRequestSave" name="savePurchaseRequest" time="16.642"/>
  <testcase classname="com.tranquil.testcases.QuotationSave" name="quotationreport_data_writing" time="14.558">
    <failure type="org.openqa.selenium.WebDriverException" message="chrome not reachable
  (Session info: chrome=76.0.3809.100)
Build info: version: &amp;apos;3.8.0&amp;apos;, revision: &amp;apos;924c4067df&amp;apos;, time: &amp;apos;2017-11-30T11:37:19.049Z&amp;apos;
System info: host: &amp;apos;USER-PC1&amp;apos;, ip: &amp;apos;192.168.1.20&amp;apos;, os.name: &amp;apos;Windows 7&amp;apos;, os.arch: &amp;apos;amd64&amp;apos;, os.version: &amp;apos;6.1&amp;apos;, java.version: &amp;apos;10.0.2&amp;apos;
Driver info: org.openqa.selenium.chrome.ChromeDriver
Capabilities {acceptInsecureCerts: false, browserName: chrome, browserVersion: 76.0.3809.100, chrome: {chromedriverVersion: 76.0.3809.68 (420c9498db8ce..., userDataDir: C:\Users\jyothi\AppData\Loc...}, goog:chromeOptions: {debuggerAddress: localhost:62491}, javascriptEnabled: true, networkConnectionEnabled: false, pageLoadStrategy: normal, platform: XP, platformName: XP, proxy: Proxy(), setWindowRect: true, strictFileInteractability: false, timeouts: {implicit: 0, pageLoad: 300000, script: 30000}, unhandledPromptBehavior: dismiss and notify}
Session ID: 78ed7e3915d974d5c865b060f2d48d87">
      <![CDATA[org.openqa.selenium.WebDriverException: chrome not reachable
  (Session info: chrome=76.0.3809.100)
Build info: version: '3.8.0', revision: '924c4067df', time: '2017-11-30T11:37:19.049Z'
System info: host: 'USER-PC1', ip: '192.168.1.20', os.name: 'Windows 7', os.arch: 'amd64', os.version: '6.1', java.version: '10.0.2'
Driver info: org.openqa.selenium.chrome.ChromeDriver
Capabilities {acceptInsecureCerts: false, browserName: chrome, browserVersion: 76.0.3809.100, chrome: {chromedriverVersion: 76.0.3809.68 (420c9498db8ce..., userDataDir: C:\Users\jyothi\AppData\Loc...}, goog:chromeOptions: {debuggerAddress: localhost:62491}, javascriptEnabled: true, networkConnectionEnabled: false, pageLoadStrategy: normal, platform: XP, platformName: XP, proxy: Proxy(), setWindowRect: true, strictFileInteractability: false, timeouts: {implicit: 0, pageLoad: 300000, script: 30000}, unhandledPromptBehavior: dismiss and notify}
Session ID: 78ed7e3915d974d5c865b060f2d48d87
at org.openqa.selenium.remote.http.W3CHttpResponseCodec.createException(W3CHttpResponseCodec.java:187)
at org.openqa.selenium.remote.http.W3CHttpResponseCodec.decode(W3CHttpResponseCodec.java:122)
at org.openqa.selenium.remote.http.W3CHttpResponseCodec.decode(W3CHttpResponseCodec.java:49)
at org.openqa.selenium.remote.HttpCommandExecutor.execute(HttpCommandExecutor.java:164)
at org.openqa.selenium.remote.service.DriverCommandExecutor.execute(DriverCommandExecutor.java:83)
at org.openqa.selenium.remote.RemoteWebDriver.execute(RemoteWebDriver.java:601)
at org.openqa.selenium.remote.RemoteWebDriver.get(RemoteWebDriver.java:325)
at Helper.BrowserFactory.StartBrowser(BrowserFactory.java:25)
at com.tranquil.testcases.QuotationSave.quotationreport_data_writing(QuotationSave.java:476)
... Removed 29 stack frames]]>
    </failure>
  </testcase> <!-- quotationreport_data_writing -->
  <testcase classname="com.tranquil.testcases.ServiceEnquirySave" name="saveserviceenquiry" time="4.656">
    <failure type="org.openqa.selenium.SessionNotCreatedException" message="session not created
from chrome not reachable
  (Session info: chrome=76.0.3809.100)
Build info: version: &amp;apos;3.8.0&amp;apos;, revision: &amp;apos;924c4067df&amp;apos;, time: &amp;apos;2017-11-30T11:37:19.049Z&amp;apos;
System info: host: &amp;apos;USER-PC1&amp;apos;, ip: &amp;apos;192.168.1.20&amp;apos;, os.name: &amp;apos;Windows 7&amp;apos;, os.arch: &amp;apos;amd64&amp;apos;, os.version: &amp;apos;6.1&amp;apos;, java.version: &amp;apos;10.0.2&amp;apos;
Driver info: driver.version: ChromeDriver
remote stacktrace: Backtrace:
	Ordinal0 [0x001C7C93+1473683]
	Ordinal0 [0x0014ADB1+961969]
	Ordinal0 [0x000D418C+475532]
	Ordinal0 [0x000CDB1A+449306]
	Ordinal0 [0x000CE528+451880]
	Ordinal0 [0x000CF2C5+455365]
	Ordinal0 [0x000CB4C5+439493]
	Ordinal0 [0x000D4F40+479040]
	Ordinal0 [0x000898FE+170238]
	Ordinal0 [0x00088D1D+167197]
	Ordinal0 [0x0008742B+160811]
	Ordinal0 [0x00070AE6+68326]
	Ordinal0 [0x00071BF0+72688]
	Ordinal0 [0x00071B89+72585]
	Ordinal0 [0x00164B77+1067895]
	GetHandleVerifier [0x00266875+506677]
	GetHandleVerifier [0x00266610+506064]
	GetHandleVerifier [0x0026D1B8+533624]
	GetHandleVerifier [0x0026704A+508682]
	Ordinal0 [0x0015C266+1032806]
	Ordinal0 [0x0015C0DF+1032415]
	Ordinal0 [0x00166A8B+1075851]
	Ordinal0 [0x00166BF3+1076211]
	Ordinal0 [0x00165BA5+1072037]
	BaseThreadInitThunk [0x749F33AA+18]
	RtlInitializeExceptionChain [0x77019F72+99]
	RtlInitializeExceptionChain [0x77019F45+54]
">
      <![CDATA[org.openqa.selenium.SessionNotCreatedException: session not created
from chrome not reachable
  (Session info: chrome=76.0.3809.100)
Build info: version: '3.8.0', revision: '924c4067df', time: '2017-11-30T11:37:19.049Z'
System info: host: 'USER-PC1', ip: '192.168.1.20', os.name: 'Windows 7', os.arch: 'amd64', os.version: '6.1', java.version: '10.0.2'
Driver info: driver.version: ChromeDriver
remote stacktrace: Backtrace:
Ordinal0 [0x001C7C93+1473683]
Ordinal0 [0x0014ADB1+961969]
Ordinal0 [0x000D418C+475532]
Ordinal0 [0x000CDB1A+449306]
Ordinal0 [0x000CE528+451880]
Ordinal0 [0x000CF2C5+455365]
Ordinal0 [0x000CB4C5+439493]
Ordinal0 [0x000D4F40+479040]
Ordinal0 [0x000898FE+170238]
Ordinal0 [0x00088D1D+167197]
Ordinal0 [0x0008742B+160811]
Ordinal0 [0x00070AE6+68326]
Ordinal0 [0x00071BF0+72688]
Ordinal0 [0x00071B89+72585]
Ordinal0 [0x00164B77+1067895]
GetHandleVerifier [0x00266875+506677]
GetHandleVerifier [0x00266610+506064]
GetHandleVerifier [0x0026D1B8+533624]
GetHandleVerifier [0x0026704A+508682]
Ordinal0 [0x0015C266+1032806]
Ordinal0 [0x0015C0DF+1032415]
Ordinal0 [0x00166A8B+1075851]
Ordinal0 [0x00166BF3+1076211]
Ordinal0 [0x00165BA5+1072037]
BaseThreadInitThunk [0x749F33AA+18]
RtlInitializeExceptionChain [0x77019F72+99]
RtlInitializeExceptionChain [0x77019F45+54]

at org.openqa.selenium.remote.W3CHandshakeResponse.lambda$new$0(W3CHandshakeResponse.java:57)
at org.openqa.selenium.remote.W3CHandshakeResponse.lambda$getResponseFunction$2(W3CHandshakeResponse.java:104)
at org.openqa.selenium.remote.ProtocolHandshake.lambda$createSession$0(ProtocolHandshake.java:123)
at java.base/java.util.stream.ReferencePipeline$3$1.accept(Unknown Source)
at java.base/java.util.Spliterators$ArraySpliterator.tryAdvance(Unknown Source)
at java.base/java.util.stream.ReferencePipeline.forEachWithCancel(Unknown Source)
at java.base/java.util.stream.AbstractPipeline.copyIntoWithCancel(Unknown Source)
at java.base/java.util.stream.AbstractPipeline.copyInto(Unknown Source)
at java.base/java.util.stream.AbstractPipeline.wrapAndCopyInto(Unknown Source)
at java.base/java.util.stream.FindOps$FindOp.evaluateSequential(Unknown Source)
at java.base/java.util.stream.AbstractPipeline.evaluate(Unknown Source)
at java.base/java.util.stream.ReferencePipeline.findFirst(Unknown Source)
at org.openqa.selenium.remote.ProtocolHandshake.createSession(ProtocolHandshake.java:126)
at org.openqa.selenium.remote.ProtocolHandshake.createSession(ProtocolHandshake.java:73)
at org.openqa.selenium.remote.HttpCommandExecutor.execute(HttpCommandExecutor.java:142)
at org.openqa.selenium.remote.service.DriverCommandExecutor.execute(DriverCommandExecutor.java:83)
at org.openqa.selenium.remote.RemoteWebDriver.execute(RemoteWebDriver.java:601)
at org.openqa.selenium.remote.RemoteWebDriver.startSession(RemoteWebDriver.java:219)
at org.openqa.selenium.remote.RemoteWebDriver.<init>(RemoteWebDriver.java:142)
at org.openqa.selenium.chrome.ChromeDriver.<init>(ChromeDriver.java:181)
at org.openqa.selenium.chrome.ChromeDriver.<init>(ChromeDriver.java:168)
at org.openqa.selenium.chrome.ChromeDriver.<init>(ChromeDriver.java:123)
at Helper.BrowserFactory.StartBrowser(BrowserFactory.java:19)
at com.tranquil.testcases.ServiceEnquirySave.saveserviceenquiry(ServiceEnquirySave.java:47)
... Removed 29 stack frames]]>
    </failure>
  </testcase> <!-- saveserviceenquiry -->
  <testcase classname="com.tranquil.testcases.SalesReports" name="click_quotations" time="0.0">
    <skipped/>
  </testcase> <!-- click_quotations -->
  <testcase classname="com.tranquil.testcases.ReceiptSave" name="saveReceipt" time="18.633"/>
  <testcase classname="com.tranquil.testcases.VerifyLogin" name="checkVaidUser" time="6.295"/>
  <testcase classname="com.tranquil.testcases.PurchaseReports" name="click_purchaseorder" time="0.0">
    <skipped/>
  </testcase> <!-- click_purchaseorder -->
  <testcase classname="com.tranquil.testcases.RFQSave" name="saveRFQ" time="15.618"/>
  <testcase classname="com.tranquil.testcases.ItemServiceSave" name="saveServiceItem" time="14.565"/>
  <testcase classname="com.tranquil.testcases.SalesEnquirySave" name="salesenquiry_save" time="23.362"/>
  <testcase classname="com.tranquil.testcases.AccountsFinanceReports" name="click_daybook" time="0.0">
    <skipped/>
  </testcase> <!-- click_daybook -->
  <testcase classname="com.tranquil.testcases.InventoryReport" name="click_stockreport" time="0.0">
    <skipped/>
  </testcase> <!-- click_stockreport -->
  <testcase classname="com.tranquil.testcases.ManualJournalSave" name="draft_manualjournaledit" time="0.0">
    <ignored/>
  </testcase> <!-- draft_manualjournaledit -->
  <testcase classname="com.tranquil.testcases.QuotationSave" name="approve_quotation" time="0.0">
    <ignored/>
  </testcase> <!-- approve_quotation -->
  <testcase classname="com.tranquil.testcases.SalesOrderSave" name="save_salesorder" time="0.0">
    <ignored/>
  </testcase> <!-- save_salesorder -->
  <testcase classname="com.tranquil.testcases.QuotationSave" name="afterapprove_quotationview" time="0.0">
    <ignored/>
  </testcase> <!-- afterapprove_quotationview -->
  <testcase classname="com.tranquil.testcases.QuotationSave" name="view_quotation" time="0.0">
    <ignored/>
  </testcase> <!-- view_quotation -->
  <testcase classname="com.tranquil.testcases.SalesOrderSave" name="check_gdn" time="0.0">
    <ignored/>
  </testcase> <!-- check_gdn -->
  <testcase classname="com.tranquil.testcases.JobReports" name="click_serviceenquiryreport" time="0.0">
    <ignored/>
  </testcase> <!-- click_serviceenquiryreport -->
  <testcase classname="com.tranquil.testcases.QuotationSave" name="verify_quotation" time="0.0">
    <ignored/>
  </testcase> <!-- verify_quotation -->
  <testcase classname="com.tranquil.testcases.SalesOrderSave" name="check_gdn1" time="0.0">
    <ignored/>
  </testcase> <!-- check_gdn1 -->
  <testcase classname="com.tranquil.testcases.SalesOrderSave" name="check_savedview" time="0.0">
    <ignored/>
  </testcase> <!-- check_savedview -->
  <testcase classname="com.tranquil.testcases.SalesOrderSave" name="check_approve" time="0.0">
    <ignored/>
  </testcase> <!-- check_approve -->
  <testcase classname="com.tranquil.testcases.ManualJournalSave" name="draft_manualjournal" time="0.0">
    <ignored/>
  </testcase> <!-- draft_manualjournal -->
  <testcase classname="com.tranquil.testcases.QuotationSave" name="save_quotition" time="0.0">
    <ignored/>
  </testcase> <!-- save_quotition -->
  <testcase classname="com.tranquil.testcases.QuotationSave" name="edit_quotation" time="0.0">
    <ignored/>
  </testcase> <!-- edit_quotation -->
  <testcase classname="com.tranquil.testcases.SalesOrderSave" name="edit_salesorder" time="0.0">
    <ignored/>
  </testcase> <!-- edit_salesorder -->
  <testcase classname="com.tranquil.testcases.SalesOrderSave" name="check_verify" time="0.0">
    <ignored/>
  </testcase> <!-- check_verify -->
  <testcase classname="com.tranquil.testcases.SalesOrderSave" name="check_editview" time="0.0">
    <ignored/>
  </testcase> <!-- check_editview -->
</testsuite> <!-- tested -->
